<?xml version="1.0" encoding="UTF-8"?>
<testsuite name="CandyCartTests$GetCartAmount" tests="2" skipped="0" failures="0" errors="0" timestamp="2020-11-26T19:24:07" hostname="SILVER" time="0.004">
  <properties/>
  <testcase name="returnCandyAmountAdd()" classname="CandyCartTests$GetCartAmount" time="0.001"/>
  <testcase name="returnZeroWhenNoCandyFound()" classname="CandyCartTests$GetCartAmount" time="0.002"/>
  <system-out><![CDATA[]]></system-out>
  <system-err><![CDATA[]]></system-err>
</testsuite>
