<?xml version="1.0" encoding="UTF-8"?>
<testsuite name="CandyCartTests" tests="1" skipped="0" failures="0" errors="0" timestamp="2020-11-26T19:24:07" hostname="SILVER" time="0.036">
  <properties/>
  <testcase name="isEmptyInitially()" classname="CandyCartTests" time="0.036"/>
  <system-out><![CDATA[]]></system-out>
  <system-err><![CDATA[]]></system-err>
</testsuite>
